0 info it worked if it ends with ok
1 verbose cli [ 'C:\\Program Files (x86)\\nodejs\\\\node.exe',
1 verbose cli   'C:\\Program Files (x86)\\nodejs\\node_modules\\npm\\bin\\npm-cli.js',
1 verbose cli   'run',
1 verbose cli   'protractor' ]
2 info using npm@1.4.9
3 info using node@v0.10.28
4 verbose node symlink C:\Program Files (x86)\nodejs\\node.exe
5 verbose run-script [ 'preprotractor', 'protractor', 'postprotractor' ]
6 info preprotractor theBeautyOfData@0.0.1
7 verbose unsafe-perm in lifecycle true
8 info protractor theBeautyOfData@0.0.1
9 verbose unsafe-perm in lifecycle true
10 info theBeautyOfData@0.0.1 Failed to exec protractor script
11 error theBeautyOfData@0.0.1 protractor: `protractor test/protractor-conf.js`
11 error Exit status 1
12 error Failed at the theBeautyOfData@0.0.1 protractor script.
12 error This is most likely a problem with the theBeautyOfData package,
12 error not with npm itself.
12 error Tell the author that this fails on your system:
12 error     protractor test/protractor-conf.js
12 error You can get their info via:
12 error     npm owner ls theBeautyOfData
12 error There is likely additional logging output above.
13 error System Windows_NT 6.2.9200
14 error command "C:\\Program Files (x86)\\nodejs\\\\node.exe" "C:\\Program Files (x86)\\nodejs\\node_modules\\npm\\bin\\npm-cli.js" "run" "protractor"
15 error cwd C:\Users\lars.nedberg\Documents\GitHub\sommer-2014
16 error node -v v0.10.28
17 error npm -v 1.4.9
18 error code ELIFECYCLE
19 verbose exit [ 1, true ]
